# JRE version: OpenJDK Runtime Environment Temurin-21.0.9+10 (21.0.9+10) (build 21.0.9+10-LTS)
# Java VM: OpenJDK 64-Bit Server VM Temurin-21.0.9+10 (21.0.9+10-LTS, mixed mode, sharing, tiered, compressed oops, compressed class ptrs, parallel gc, windows-amd64)
GC Precious Log:
 CardTable entry size: 512
 CPUs: 20 total, 20 available
 Memory: 7709M
 Large Page Support: Disabled
 NUMA Support: Disabled
 Compressed Oops: Enabled (32-bit)
 Alignments: Space 512K, Generation 512K, Heap 2M
 Heap Min Capacity: 100M
 Heap Initial Capacity: 100M
 Heap Max Capacity: 2G
 Pre-touch: Disabled
 Parallel Workers: 15
Heap:
 PSYoungGen      total 6144K, used 1283K [0x00000000d5580000, 0x00000000d6280000, 0x0000000100000000)
  eden space 5120K, 8% used [0x00000000d5580000,0x00000000d55e8ea8,0x00000000d5a80000)
  from space 1024K, 84% used [0x00000000d5a80000,0x00000000d5b58000,0x00000000d5b80000)
  to   space 3072K, 0% used [0x00000000d5f80000,0x00000000d5f80000,0x00000000d6280000)
 ParOldGen       total 1204224K, used 1203835K [0x0000000080000000, 0x00000000c9800000, 0x00000000d5580000)
  object space 1204224K, 99% used [0x0000000080000000,0x00000000c979ee40,0x00000000c9800000)
 Metaspace       used 95928K, committed 97600K, reserved 1179648K
  class space    used 9138K, committed 9984K, reserved 1048576K
GC Heap History (20 events):
Event: 6906.441 GC heap before
{Heap before GC invocations=10197 (full 13):
 PSYoungGen      total 7168K, used 7104K [0x00000000d5580000, 0x00000000d6200000, 0x0000000100000000)
  eden space 6144K, 100% used [0x00000000d5580000,0x00000000d5b80000,0x00000000d5b80000)
  from space 1024K, 93% used [0x00000000d5b80000,0x00000000d5c70000,0x00000000d5c80000)
  to   space 2560K, 0% used [0x00000000d5f80000,0x00000000d5f80000,0x00000000d6200000)
 ParOldGen       total 1192448K, used 1191983K [0x0000000080000000, 0x00000000c8c80000, 0x00000000d5580000)
  object space 1192448K, 99% used [0x0000000080000000,0x00000000c8c0be18,0x00000000c8c80000)
 Metaspace       used 95913K, committed 97600K, reserved 1179648K
  class space    used 9138K, committed 9984K, reserved 1048576K
}
Event: 6906.444 GC heap after
{Heap after GC invocations=10197 (full 13):
 PSYoungGen      total 6656K, used 320K [0x00000000d5580000, 0x00000000d6000000, 0x0000000100000000)
  eden space 6144K, 0% used [0x00000000d5580000,0x00000000d5580000,0x00000000d5b80000)
  from space 512K, 62% used [0x00000000d5f80000,0x00000000d5fd0000,0x00000000d6000000)
  to   space 1024K, 0% used [0x00000000d5e00000,0x00000000d5e00000,0x00000000d5f00000)
 ParOldGen       total 1192960K, used 1192727K [0x0000000080000000, 0x00000000c8d00000, 0x00000000d5580000)
  object space 1192960K, 99% used [0x0000000080000000,0x00000000c8cc5e18,0x00000000c8d00000)
 Metaspace       used 95913K, committed 97600K, reserved 1179648K
  class space    used 9138K, committed 9984K, reserved 1048576K
}
Event: 6917.275 GC heap before
{Heap before GC invocations=10198 (full 13):
 PSYoungGen      total 6656K, used 6464K [0x00000000d5580000, 0x00000000d6000000, 0x0000000100000000)
  eden space 6144K, 100% used [0x00000000d5580000,0x00000000d5b80000,0x00000000d5b80000)
  from space 512K, 62% used [0x00000000d5f80000,0x00000000d5fd0000,0x00000000d6000000)
  to   space 1024K, 0% used [0x00000000d5e00000,0x00000000d5e00000,0x00000000d5f00000)
 ParOldGen       total 1192960K, used 1192727K [0x0000000080000000, 0x00000000c8d00000, 0x00000000d5580000)
  object space 1192960K, 99% used [0x0000000080000000,0x00000000c8cc5e18,0x00000000c8d00000)
 Metaspace       used 95913K, committed 97600K, reserved 1179648K
  class space    used 9138K, committed 9984K, reserved 1048576K
}
Event: 6917.287 GC heap after
{Heap after GC invocations=10198 (full 13):
 PSYoungGen      total 7168K, used 288K [0x00000000d5580000, 0x00000000d6000000, 0x0000000100000000)
  eden space 6144K, 0% used [0x00000000d5580000,0x00000000d5580000,0x00000000d5b80000)
  from space 1024K, 28% used [0x00000000d5e00000,0x00000000d5e48000,0x00000000d5f00000)
  to   space 512K, 0% used [0x00000000d5f80000,0x00000000d5f80000,0x00000000d6000000)
 ParOldGen       total 1192960K, used 1192759K [0x0000000080000000, 0x00000000c8d00000, 0x00000000d5580000)
  object space 1192960K, 99% used [0x0000000080000000,0x00000000c8ccde18,0x00000000c8d00000)
 Metaspace       used 95913K, committed 97600K, reserved 1179648K
  class space    used 9138K, committed 9984K, reserved 1048576K
}
Event: 6949.206 GC heap before
{Heap before GC invocations=10199 (full 13):
 PSYoungGen      total 7168K, used 6432K [0x00000000d5580000, 0x00000000d6000000, 0x0000000100000000)
  eden space 6144K, 100% used [0x00000000d5580000,0x00000000d5b80000,0x00000000d5b80000)
  from space 1024K, 28% used [0x00000000d5e00000,0x00000000d5e48000,0x00000000d5f00000)
  to   space 512K, 0% used [0x00000000d5f80000,0x00000000d5f80000,0x00000000d6000000)
 ParOldGen       total 1192960K, used 1192759K [0x0000000080000000, 0x00000000c8d00000, 0x00000000d5580000)
  object space 1192960K, 99% used [0x0000000080000000,0x00000000c8ccde18,0x00000000c8d00000)
 Metaspace       used 95913K, committed 97600K, reserved 1179648K
  class space    used 9138K, committed 9984K, reserved 1048576K
}
Event: 6949.259 GC heap after
{Heap after GC invocations=10199 (full 13):
 PSYoungGen      total 6656K, used 416K [0x00000000d5580000, 0x00000000d6000000, 0x0000000100000000)
  eden space 6144K, 0% used [0x00000000d5580000,0x00000000d5580000,0x00000000d5b80000)
  from space 512K, 81% used [0x00000000d5f80000,0x00000000d5fe8000,0x00000000d6000000)
  to   space 512K, 0% used [0x00000000d5f00000,0x00000000d5f00000,0x00000000d5f80000)
 ParOldGen       total 1192960K, used 1192759K [0x0000000080000000, 0x00000000c8d00000, 0x00000000d5580000)
  object space 1192960K, 99% used [0x0000000080000000,0x00000000c8ccde18,0x00000000c8d00000)
 Metaspace       used 95913K, committed 97600K, reserved 1179648K
  class space    used 9138K, committed 9984K, reserved 1048576K
}
Event: 6961.041 GC heap before
{Heap before GC invocations=10200 (full 13):
 PSYoungGen      total 6656K, used 6560K [0x00000000d5580000, 0x00000000d6000000, 0x0000000100000000)
  eden space 6144K, 100% used [0x00000000d5580000,0x00000000d5b80000,0x00000000d5b80000)
  from space 512K, 81% used [0x00000000d5f80000,0x00000000d5fe8000,0x00000000d6000000)
  to   space 512K, 0% used [0x00000000d5f00000,0x00000000d5f00000,0x00000000d5f80000)
 ParOldGen       total 1192960K, used 1192759K [0x0000000080000000, 0x00000000c8d00000, 0x00000000d5580000)
  object space 1192960K, 99% used [0x0000000080000000,0x00000000c8ccde18,0x00000000c8d00000)
 Metaspace       used 95919K, committed 97600K, reserved 1179648K
  class space    used 9138K, committed 9984K, reserved 1048576K
}
Event: 6961.052 GC heap after
{Heap after GC invocations=10200 (full 13):
 PSYoungGen      total 6656K, used 480K [0x00000000d5580000, 0x00000000d6000000, 0x0000000100000000)
  eden space 6144K, 0% used [0x00000000d5580000,0x00000000d5580000,0x00000000d5b80000)
  from space 512K, 93% used [0x00000000d5f00000,0x00000000d5f78000,0x00000000d5f80000)
  to   space 512K, 0% used [0x00000000d5f80000,0x00000000d5f80000,0x00000000d6000000)
 ParOldGen       total 1192960K, used 1192807K [0x0000000080000000, 0x00000000c8d00000, 0x00000000d5580000)
  object space 1192960K, 99% used [0x0000000080000000,0x00000000c8cd9e18,0x00000000c8d00000)
 Metaspace       used 95919K, committed 97600K, reserved 1179648K
  class space    used 9138K, committed 9984K, reserved 1048576K
}
Event: 6962.795 GC heap before
{Heap before GC invocations=10201 (full 13):
 PSYoungGen      total 6656K, used 6624K [0x00000000d5580000, 0x00000000d6000000, 0x0000000100000000)
  eden space 6144K, 100% used [0x00000000d5580000,0x00000000d5b80000,0x00000000d5b80000)
  from space 512K, 93% used [0x00000000d5f00000,0x00000000d5f78000,0x00000000d5f80000)
  to   space 512K, 0% used [0x00000000d5f80000,0x00000000d5f80000,0x00000000d6000000)
 ParOldGen       total 1192960K, used 1192807K [0x0000000080000000, 0x00000000c8d00000, 0x00000000d5580000)
  object space 1192960K, 99% used [0x0000000080000000,0x00000000c8cd9e18,0x00000000c8d00000)
 Metaspace       used 95924K, committed 97600K, reserved 1179648K
  class space    used 9138K, committed 9984K, reserved 1048576K
}
Event: 6962.809 GC heap after
{Heap after GC invocations=10201 (full 13):
 PSYoungGen      total 6656K, used 512K [0x00000000d5580000, 0x00000000d6000000, 0x0000000100000000)
  eden space 6144K, 0% used [0x00000000d5580000,0x00000000d5580000,0x00000000d5b80000)
  from space 512K, 100% used [0x00000000d5f80000,0x00000000d6000000,0x00000000d6000000)
  to   space 1024K, 0% used [0x00000000d5e00000,0x00000000d5e00000,0x00000000d5f00000)
 ParOldGen       total 1193472K, used 1193185K [0x0000000080000000, 0x00000000c8d80000, 0x00000000d5580000)
  object space 1193472K, 99% used [0x0000000080000000,0x00000000c8d38728,0x00000000c8d80000)
 Metaspace       used 95924K, committed 97600K, reserved 1179648K
  class space    used 9138K, committed 9984K, reserved 1048576K
}
Event: 6962.866 GC heap before
{Heap before GC invocations=10202 (full 13):
 PSYoungGen      total 6656K, used 6656K [0x00000000d5580000, 0x00000000d6000000, 0x0000000100000000)
  eden space 6144K, 100% used [0x00000000d5580000,0x00000000d5b80000,0x00000000d5b80000)
  from space 512K, 100% used [0x00000000d5f80000,0x00000000d6000000,0x00000000d6000000)
  to   space 1024K, 0% used [0x00000000d5e00000,0x00000000d5e00000,0x00000000d5f00000)
 ParOldGen       total 1193472K, used 1193185K [0x0000000080000000, 0x00000000c8d80000, 0x00000000d5580000)
  object space 1193472K, 99% used [0x0000000080000000,0x00000000c8d38728,0x00000000c8d80000)
 Metaspace       used 95924K, committed 97600K, reserved 1179648K
  class space    used 9138K, committed 9984K, reserved 1048576K
}
Event: 6962.873 GC heap after
{Heap after GC invocations=10202 (full 13):
 PSYoungGen      total 7168K, used 1004K [0x00000000d5580000, 0x00000000d6980000, 0x0000000100000000)
  eden space 6144K, 0% used [0x00000000d5580000,0x00000000d5580000,0x00000000d5b80000)
  from space 1024K, 98% used [0x00000000d5e00000,0x00000000d5efb070,0x00000000d5f00000)
  to   space 7168K, 0% used [0x00000000d6280000,0x00000000d6280000,0x00000000d6980000)
 ParOldGen       total 1198592K, used 1198177K [0x0000000080000000, 0x00000000c9280000, 0x00000000d5580000)
  object space 1198592K, 99% used [0x0000000080000000,0x00000000c9218728,0x00000000c9280000)
 Metaspace       used 95924K, committed 97600K, reserved 1179648K
  class space    used 9138K, committed 9984K, reserved 1048576K
}
Event: 6995.632 GC heap before
{Heap before GC invocations=10203 (full 13):
 PSYoungGen      total 7168K, used 7148K [0x00000000d5580000, 0x00000000d6980000, 0x0000000100000000)
  eden space 6144K, 100% used [0x00000000d5580000,0x00000000d5b80000,0x00000000d5b80000)
  from space 1024K, 98% used [0x00000000d5e00000,0x00000000d5efb070,0x00000000d5f00000)
  to   space 7168K, 0% used [0x00000000d6280000,0x00000000d6280000,0x00000000d6980000)
 ParOldGen       total 1198592K, used 1198177K [0x0000000080000000, 0x00000000c9280000, 0x00000000d5580000)
  object space 1198592K, 99% used [0x0000000080000000,0x00000000c9218728,0x00000000c9280000)
 Metaspace       used 95925K, committed 97600K, reserved 1179648K
  class space    used 9138K, committed 9984K, reserved 1048576K
}
Event: 6995.732 GC heap after
{Heap after GC invocations=10203 (full 13):
 PSYoungGen      total 6656K, used 416K [0x00000000d5580000, 0x00000000d6300000, 0x0000000100000000)
  eden space 6144K, 0% used [0x00000000d5580000,0x00000000d5580000,0x00000000d5b80000)
  from space 512K, 81% used [0x00000000d6280000,0x00000000d62e8000,0x00000000d6300000)
  to   space 2560K, 0% used [0x00000000d5e00000,0x00000000d5e00000,0x00000000d6080000)
 ParOldGen       total 1198592K, used 1198233K [0x0000000080000000, 0x00000000c9280000, 0x00000000d5580000)
  object space 1198592K, 99% used [0x0000000080000000,0x00000000c9226728,0x00000000c9280000)
 Metaspace       used 95925K, committed 97600K, reserved 1179648K
  class space    used 9138K, committed 9984K, reserved 1048576K
}
Event: 6995.965 GC heap before
{Heap before GC invocations=10204 (full 13):
 PSYoungGen      total 6656K, used 6560K [0x00000000d5580000, 0x00000000d6300000, 0x0000000100000000)
  eden space 6144K, 100% used [0x00000000d5580000,0x00000000d5b80000,0x00000000d5b80000)
  from space 512K, 81% used [0x00000000d6280000,0x00000000d62e8000,0x00000000d6300000)
  to   space 2560K, 0% used [0x00000000d5e00000,0x00000000d5e00000,0x00000000d6080000)
 ParOldGen       total 1198592K, used 1198233K [0x0000000080000000, 0x00000000c9280000, 0x00000000d5580000)
  object space 1198592K, 99% used [0x0000000080000000,0x00000000c9226728,0x00000000c9280000)
 Metaspace       used 95928K, committed 97600K, reserved 1179648K
  class space    used 9138K, committed 9984K, reserved 1048576K
}
Event: 6995.972 GC heap after
{Heap after GC invocations=10204 (full 13):
 PSYoungGen      total 8704K, used 512K [0x00000000d5580000, 0x00000000d6300000, 0x0000000100000000)
  eden space 6144K, 0% used [0x00000000d5580000,0x00000000d5580000,0x00000000d5b80000)
  from space 2560K, 20% used [0x00000000d5e00000,0x00000000d5e80000,0x00000000d6080000)
  to   space 1024K, 0% used [0x00000000d6200000,0x00000000d6200000,0x00000000d6300000)
 ParOldGen       total 1198592K, used 1198372K [0x0000000080000000, 0x00000000c9280000, 0x00000000d5580000)
  object space 1198592K, 99% used [0x0000000080000000,0x00000000c9249028,0x00000000c9280000)
 Metaspace       used 95928K, committed 97600K, reserved 1179648K
  class space    used 9138K, committed 9984K, reserved 1048576K
}
Event: 6995.990 GC heap before
{Heap before GC invocations=10205 (full 13):
 PSYoungGen      total 8704K, used 6656K [0x00000000d5580000, 0x00000000d6300000, 0x0000000100000000)
  eden space 6144K, 100% used [0x00000000d5580000,0x00000000d5b80000,0x00000000d5b80000)
  from space 2560K, 20% used [0x00000000d5e00000,0x00000000d5e80000,0x00000000d6080000)
  to   space 1024K, 0% used [0x00000000d6200000,0x00000000d6200000,0x00000000d6300000)
 ParOldGen       total 1198592K, used 1198372K [0x0000000080000000, 0x00000000c9280000, 0x00000000d5580000)
  object space 1198592K, 99% used [0x0000000080000000,0x00000000c9249028,0x00000000c9280000)
 Metaspace       used 95928K, committed 97600K, reserved 1179648K
  class space    used 9138K, committed 9984K, reserved 1048576K
}
Event: 6995.996 GC heap after
{Heap after GC invocations=10205 (full 13):
 PSYoungGen      total 6144K, used 1010K [0x00000000d5580000, 0x00000000d6a80000, 0x0000000100000000)
  eden space 5120K, 0% used [0x00000000d5580000,0x00000000d5580000,0x00000000d5a80000)
  from space 1024K, 98% used [0x00000000d6200000,0x00000000d62fc940,0x00000000d6300000)
  to   space 7680K, 0% used [0x00000000d5a80000,0x00000000d5a80000,0x00000000d6200000)
 ParOldGen       total 1204224K, used 1203723K [0x0000000080000000, 0x00000000c9800000, 0x00000000d5580000)
  object space 1204224K, 99% used [0x0000000080000000,0x00000000c9782e40,0x00000000c9800000)
 Metaspace       used 95928K, committed 97600K, reserved 1179648K
  class space    used 9138K, committed 9984K, reserved 1048576K
}
Event: 7010.344 GC heap before
{Heap before GC invocations=10206 (full 13):
 PSYoungGen      total 6144K, used 6130K [0x00000000d5580000, 0x00000000d6a80000, 0x0000000100000000)
  eden space 5120K, 100% used [0x00000000d5580000,0x00000000d5a80000,0x00000000d5a80000)
  from space 1024K, 98% used [0x00000000d6200000,0x00000000d62fc940,0x00000000d6300000)
  to   space 7680K, 0% used [0x00000000d5a80000,0x00000000d5a80000,0x00000000d6200000)
 ParOldGen       total 1204224K, used 1203723K [0x0000000080000000, 0x00000000c9800000, 0x00000000d5580000)
  object space 1204224K, 99% used [0x0000000080000000,0x00000000c9782e40,0x00000000c9800000)
 Metaspace       used 95928K, committed 97600K, reserved 1179648K
  class space    used 9138K, committed 9984K, reserved 1048576K
}
Event: 7010.409 GC heap after
{Heap after GC invocations=10206 (full 13):
 PSYoungGen      total 6144K, used 864K [0x00000000d5580000, 0x00000000d6280000, 0x0000000100000000)
  eden space 5120K, 0% used [0x00000000d5580000,0x00000000d5580000,0x00000000d5a80000)
  from space 1024K, 84% used [0x00000000d5a80000,0x00000000d5b58000,0x00000000d5b80000)
  to   space 3072K, 0% used [0x00000000d5f80000,0x00000000d5f80000,0x00000000d6280000)
 ParOldGen       total 1204224K, used 1203835K [0x0000000080000000, 0x00000000c9800000, 0x00000000d5580000)
  object space 1204224K, 99% used [0x0000000080000000,0x00000000c979ee40,0x00000000c9800000)
 Metaspace       used 95928K, committed 97600K, reserved 1179648K
  class space    used 9138K, committed 9984K, reserved 1048576K
}

