# JRE version: OpenJDK Runtime Environment Temurin-21.0.8+9 (21.0.8+9) (build 21.0.8+9-LTS)
# Java VM: OpenJDK 64-Bit Server VM Temurin-21.0.8+9 (21.0.8+9-LTS, mixed mode, sharing, tiered, compressed oops, compressed class ptrs, parallel gc, windows-amd64)
GC Precious Log:
 CardTable entry size: 512
 CPUs: 20 total, 20 available
 Memory: 7709M
 Large Page Support: Disabled
 NUMA Support: Disabled
 Compressed Oops: Enabled (32-bit)
 Alignments: Space 512K, Generation 512K, Heap 2M
 Heap Min Capacity: 100M
 Heap Initial Capacity: 100M
 Heap Max Capacity: 2G
 Pre-touch: Disabled
 Parallel Workers: 15
Heap:
 PSYoungGen      total 5120K, used 5071K [0x00000000d5580000, 0x00000000d5e80000, 0x0000000100000000)
  eden space 4608K, 99% used [0x00000000d5580000,0x00000000d59fffe8,0x00000000d5a00000)
  from space 512K, 90% used [0x00000000d5e00000,0x00000000d5e74010,0x00000000d5e80000)
  to   space 1024K, 0% used [0x00000000d5c80000,0x00000000d5c80000,0x00000000d5d80000)
 ParOldGen       total 1058304K, used 1058118K [0x0000000080000000, 0x00000000c0980000, 0x00000000d5580000)
  object space 1058304K, 99% used [0x0000000080000000,0x00000000c0951858,0x00000000c0980000)
 Metaspace       used 87538K, committed 89152K, reserved 1179648K
  class space    used 8647K, committed 9408K, reserved 1048576K
GC Heap History (20 events):
Event: 1174.983 GC heap before
{Heap before GC invocations=2986 (full 5):
 PSYoungGen      total 6144K, used 5680K [0x00000000d5580000, 0x00000000d5c80000, 0x0000000100000000)
  eden space 5120K, 100% used [0x00000000d5580000,0x00000000d5a80000,0x00000000d5a80000)
  from space 1024K, 54% used [0x00000000d5b80000,0x00000000d5c0c010,0x00000000d5c80000)
  to   space 1024K, 0% used [0x00000000d5a80000,0x00000000d5a80000,0x00000000d5b80000)
 ParOldGen       total 1048576K, used 1048082K [0x0000000080000000, 0x00000000c0000000, 0x00000000d5580000)
  object space 1048576K, 99% used [0x0000000080000000,0x00000000bff848f8,0x00000000c0000000)
 Metaspace       used 87530K, committed 89152K, reserved 1179648K
  class space    used 8647K, committed 9408K, reserved 1048576K
}
Event: 1174.990 GC heap after
{Heap after GC invocations=2986 (full 5):
 PSYoungGen      total 6144K, used 416K [0x00000000d5580000, 0x00000000d5c00000, 0x0000000100000000)
  eden space 5120K, 0% used [0x00000000d5580000,0x00000000d5580000,0x00000000d5a80000)
  from space 1024K, 40% used [0x00000000d5a80000,0x00000000d5ae8000,0x00000000d5b80000)
  to   space 512K, 0% used [0x00000000d5b80000,0x00000000d5b80000,0x00000000d5c00000)
 ParOldGen       total 1048576K, used 1048090K [0x0000000080000000, 0x00000000c0000000, 0x00000000d5580000)
  object space 1048576K, 99% used [0x0000000080000000,0x00000000bff868f8,0x00000000c0000000)
 Metaspace       used 87530K, committed 89152K, reserved 1179648K
  class space    used 8647K, committed 9408K, reserved 1048576K
}
Event: 1175.359 GC heap before
{Heap before GC invocations=2987 (full 5):
 PSYoungGen      total 6144K, used 5536K [0x00000000d5580000, 0x00000000d5c00000, 0x0000000100000000)
  eden space 5120K, 100% used [0x00000000d5580000,0x00000000d5a80000,0x00000000d5a80000)
  from space 1024K, 40% used [0x00000000d5a80000,0x00000000d5ae8000,0x00000000d5b80000)
  to   space 512K, 0% used [0x00000000d5b80000,0x00000000d5b80000,0x00000000d5c00000)
 ParOldGen       total 1048576K, used 1048090K [0x0000000080000000, 0x00000000c0000000, 0x00000000d5580000)
  object space 1048576K, 99% used [0x0000000080000000,0x00000000bff868f8,0x00000000c0000000)
 Metaspace       used 87534K, committed 89152K, reserved 1179648K
  class space    used 8647K, committed 9408K, reserved 1048576K
}
Event: 1175.362 GC heap after
{Heap after GC invocations=2987 (full 5):
 PSYoungGen      total 5120K, used 496K [0x00000000d5580000, 0x00000000d5d80000, 0x0000000100000000)
  eden space 4608K, 0% used [0x00000000d5580000,0x00000000d5580000,0x00000000d5a00000)
  from space 512K, 96% used [0x00000000d5b80000,0x00000000d5bfc010,0x00000000d5c00000)
  to   space 1536K, 0% used [0x00000000d5a00000,0x00000000d5a00000,0x00000000d5b80000)
 ParOldGen       total 1048576K, used 1048567K [0x0000000080000000, 0x00000000c0000000, 0x00000000d5580000)
  object space 1048576K, 99% used [0x0000000080000000,0x00000000bfffdd78,0x00000000c0000000)
 Metaspace       used 87534K, committed 89152K, reserved 1179648K
  class space    used 8647K, committed 9408K, reserved 1048576K
}
Event: 1175.633 GC heap before
{Heap before GC invocations=2988 (full 5):
 PSYoungGen      total 5120K, used 5104K [0x00000000d5580000, 0x00000000d5d80000, 0x0000000100000000)
  eden space 4608K, 100% used [0x00000000d5580000,0x00000000d5a00000,0x00000000d5a00000)
  from space 512K, 96% used [0x00000000d5b80000,0x00000000d5bfc010,0x00000000d5c00000)
  to   space 1536K, 0% used [0x00000000d5a00000,0x00000000d5a00000,0x00000000d5b80000)
 ParOldGen       total 1048576K, used 1048567K [0x0000000080000000, 0x00000000c0000000, 0x00000000d5580000)
  object space 1048576K, 99% used [0x0000000080000000,0x00000000bfffdd78,0x00000000c0000000)
 Metaspace       used 87534K, committed 89152K, reserved 1179648K
  class space    used 8647K, committed 9408K, reserved 1048576K
}
Event: 1175.641 GC heap after
{Heap after GC invocations=2988 (full 5):
 PSYoungGen      total 5120K, used 384K [0x00000000d5580000, 0x00000000d5c00000, 0x0000000100000000)
  eden space 4608K, 0% used [0x00000000d5580000,0x00000000d5580000,0x00000000d5a00000)
  from space 512K, 75% used [0x00000000d5a00000,0x00000000d5a60000,0x00000000d5a80000)
  to   space 1024K, 0% used [0x00000000d5b00000,0x00000000d5b00000,0x00000000d5c00000)
 ParOldGen       total 1049600K, used 1049132K [0x0000000080000000, 0x00000000c0100000, 0x00000000d5580000)
  object space 1049600K, 99% used [0x0000000080000000,0x00000000c008b208,0x00000000c0100000)
 Metaspace       used 87534K, committed 89152K, reserved 1179648K
  class space    used 8647K, committed 9408K, reserved 1048576K
}
Event: 1176.206 GC heap before
{Heap before GC invocations=2989 (full 5):
 PSYoungGen      total 5120K, used 4992K [0x00000000d5580000, 0x00000000d5c00000, 0x0000000100000000)
  eden space 4608K, 100% used [0x00000000d5580000,0x00000000d5a00000,0x00000000d5a00000)
  from space 512K, 75% used [0x00000000d5a00000,0x00000000d5a60000,0x00000000d5a80000)
  to   space 1024K, 0% used [0x00000000d5b00000,0x00000000d5b00000,0x00000000d5c00000)
 ParOldGen       total 1049600K, used 1049132K [0x0000000080000000, 0x00000000c0100000, 0x00000000d5580000)
  object space 1049600K, 99% used [0x0000000080000000,0x00000000c008b208,0x00000000c0100000)
 Metaspace       used 87534K, committed 89152K, reserved 1179648K
  class space    used 8647K, committed 9408K, reserved 1048576K
}
Event: 1176.208 GC heap after
{Heap after GC invocations=2989 (full 5):
 PSYoungGen      total 5120K, used 352K [0x00000000d5580000, 0x00000000d5b80000, 0x0000000100000000)
  eden space 4608K, 0% used [0x00000000d5580000,0x00000000d5580000,0x00000000d5a00000)
  from space 512K, 68% used [0x00000000d5b00000,0x00000000d5b58000,0x00000000d5b80000)
  to   space 512K, 0% used [0x00000000d5a00000,0x00000000d5a00000,0x00000000d5a80000)
 ParOldGen       total 1049600K, used 1049268K [0x0000000080000000, 0x00000000c0100000, 0x00000000d5580000)
  object space 1049600K, 99% used [0x0000000080000000,0x00000000c00ad208,0x00000000c0100000)
 Metaspace       used 87534K, committed 89152K, reserved 1179648K
  class space    used 8647K, committed 9408K, reserved 1048576K
}
Event: 1176.234 GC heap before
{Heap before GC invocations=2990 (full 5):
 PSYoungGen      total 5120K, used 4960K [0x00000000d5580000, 0x00000000d5b80000, 0x0000000100000000)
  eden space 4608K, 100% used [0x00000000d5580000,0x00000000d5a00000,0x00000000d5a00000)
  from space 512K, 68% used [0x00000000d5b00000,0x00000000d5b58000,0x00000000d5b80000)
  to   space 512K, 0% used [0x00000000d5a00000,0x00000000d5a00000,0x00000000d5a80000)
 ParOldGen       total 1049600K, used 1049268K [0x0000000080000000, 0x00000000c0100000, 0x00000000d5580000)
  object space 1049600K, 99% used [0x0000000080000000,0x00000000c00ad208,0x00000000c0100000)
 Metaspace       used 87534K, committed 89152K, reserved 1179648K
  class space    used 8647K, committed 9408K, reserved 1048576K
}
Event: 1176.238 GC heap after
{Heap after GC invocations=2990 (full 5):
 PSYoungGen      total 5120K, used 500K [0x00000000d5580000, 0x00000000d6300000, 0x0000000100000000)
  eden space 4608K, 0% used [0x00000000d5580000,0x00000000d5580000,0x00000000d5a00000)
  from space 512K, 97% used [0x00000000d5a00000,0x00000000d5a7d338,0x00000000d5a80000)
  to   space 4608K, 0% used [0x00000000d5e80000,0x00000000d5e80000,0x00000000d6300000)
 ParOldGen       total 1053184K, used 1052713K [0x0000000080000000, 0x00000000c0480000, 0x00000000d5580000)
  object space 1053184K, 99% used [0x0000000080000000,0x00000000c040a540,0x00000000c0480000)
 Metaspace       used 87534K, committed 89152K, reserved 1179648K
  class space    used 8647K, committed 9408K, reserved 1048576K
}
Event: 1176.266 GC heap before
{Heap before GC invocations=2991 (full 5):
 PSYoungGen      total 5120K, used 5108K [0x00000000d5580000, 0x00000000d6300000, 0x0000000100000000)
  eden space 4608K, 100% used [0x00000000d5580000,0x00000000d5a00000,0x00000000d5a00000)
  from space 512K, 97% used [0x00000000d5a00000,0x00000000d5a7d338,0x00000000d5a80000)
  to   space 4608K, 0% used [0x00000000d5e80000,0x00000000d5e80000,0x00000000d6300000)
 ParOldGen       total 1053184K, used 1052713K [0x0000000080000000, 0x00000000c0480000, 0x00000000d5580000)
  object space 1053184K, 99% used [0x0000000080000000,0x00000000c040a540,0x00000000c0480000)
 Metaspace       used 87534K, committed 89152K, reserved 1179648K
  class space    used 8647K, committed 9408K, reserved 1048576K
}
Event: 1176.268 GC heap after
{Heap after GC invocations=2991 (full 5):
 PSYoungGen      total 6144K, used 1094K [0x00000000d5580000, 0x00000000d6000000, 0x0000000100000000)
  eden space 4608K, 0% used [0x00000000d5580000,0x00000000d5580000,0x00000000d5a00000)
  from space 1536K, 71% used [0x00000000d5e80000,0x00000000d5f91950,0x00000000d6000000)
  to   space 2560K, 0% used [0x00000000d5b00000,0x00000000d5b00000,0x00000000d5d80000)
 ParOldGen       total 1053184K, used 1052809K [0x0000000080000000, 0x00000000c0480000, 0x00000000d5580000)
  object space 1053184K, 99% used [0x0000000080000000,0x00000000c0422550,0x00000000c0480000)
 Metaspace       used 87534K, committed 89152K, reserved 1179648K
  class space    used 8647K, committed 9408K, reserved 1048576K
}
Event: 1176.286 GC heap before
{Heap before GC invocations=2992 (full 5):
 PSYoungGen      total 6144K, used 5702K [0x00000000d5580000, 0x00000000d6000000, 0x0000000100000000)
  eden space 4608K, 100% used [0x00000000d5580000,0x00000000d5a00000,0x00000000d5a00000)
  from space 1536K, 71% used [0x00000000d5e80000,0x00000000d5f91950,0x00000000d6000000)
  to   space 2560K, 0% used [0x00000000d5b00000,0x00000000d5b00000,0x00000000d5d80000)
 ParOldGen       total 1053184K, used 1052809K [0x0000000080000000, 0x00000000c0480000, 0x00000000d5580000)
  object space 1053184K, 99% used [0x0000000080000000,0x00000000c0422550,0x00000000c0480000)
 Metaspace       used 87534K, committed 89152K, reserved 1179648K
  class space    used 8647K, committed 9408K, reserved 1048576K
}
Event: 1176.292 GC heap after
{Heap after GC invocations=2992 (full 5):
 PSYoungGen      total 7168K, used 2528K [0x00000000d5580000, 0x00000000d6400000, 0x0000000100000000)
  eden space 4608K, 0% used [0x00000000d5580000,0x00000000d5580000,0x00000000d5a00000)
  from space 2560K, 98% used [0x00000000d5b00000,0x00000000d5d78010,0x00000000d5d80000)
  to   space 5120K, 0% used [0x00000000d5f00000,0x00000000d5f00000,0x00000000d6400000)
 ParOldGen       total 1055232K, used 1054751K [0x0000000080000000, 0x00000000c0680000, 0x00000000d5580000)
  object space 1055232K, 99% used [0x0000000080000000,0x00000000c0607ea0,0x00000000c0680000)
 Metaspace       used 87534K, committed 89152K, reserved 1179648K
  class space    used 8647K, committed 9408K, reserved 1048576K
}
Event: 1176.793 GC heap before
{Heap before GC invocations=2993 (full 5):
 PSYoungGen      total 7168K, used 7136K [0x00000000d5580000, 0x00000000d6400000, 0x0000000100000000)
  eden space 4608K, 100% used [0x00000000d5580000,0x00000000d5a00000,0x00000000d5a00000)
  from space 2560K, 98% used [0x00000000d5b00000,0x00000000d5d78010,0x00000000d5d80000)
  to   space 5120K, 0% used [0x00000000d5f00000,0x00000000d5f00000,0x00000000d6400000)
 ParOldGen       total 1055232K, used 1054751K [0x0000000080000000, 0x00000000c0680000, 0x00000000d5580000)
  object space 1055232K, 99% used [0x0000000080000000,0x00000000c0607ea0,0x00000000c0680000)
 Metaspace       used 87534K, committed 89152K, reserved 1179648K
  class space    used 8647K, committed 9408K, reserved 1048576K
}
Event: 1176.801 GC heap after
{Heap after GC invocations=2993 (full 5):
 PSYoungGen      total 5120K, used 288K [0x00000000d5580000, 0x00000000d5f80000, 0x0000000100000000)
  eden space 4608K, 0% used [0x00000000d5580000,0x00000000d5580000,0x00000000d5a00000)
  from space 512K, 56% used [0x00000000d5f00000,0x00000000d5f48000,0x00000000d5f80000)
  to   space 2048K, 0% used [0x00000000d5b80000,0x00000000d5b80000,0x00000000d5d80000)
 ParOldGen       total 1057280K, used 1057087K [0x0000000080000000, 0x00000000c0880000, 0x00000000d5580000)
  object space 1057280K, 99% used [0x0000000080000000,0x00000000c084fea0,0x00000000c0880000)
 Metaspace       used 87534K, committed 89152K, reserved 1179648K
  class space    used 8647K, committed 9408K, reserved 1048576K
}
Event: 1177.232 GC heap before
{Heap before GC invocations=2994 (full 5):
 PSYoungGen      total 5120K, used 4896K [0x00000000d5580000, 0x00000000d5f80000, 0x0000000100000000)
  eden space 4608K, 100% used [0x00000000d5580000,0x00000000d5a00000,0x00000000d5a00000)
  from space 512K, 56% used [0x00000000d5f00000,0x00000000d5f48000,0x00000000d5f80000)
  to   space 2048K, 0% used [0x00000000d5b80000,0x00000000d5b80000,0x00000000d5d80000)
 ParOldGen       total 1057280K, used 1057087K [0x0000000080000000, 0x00000000c0880000, 0x00000000d5580000)
  object space 1057280K, 99% used [0x0000000080000000,0x00000000c084fea0,0x00000000c0880000)
 Metaspace       used 87538K, committed 89152K, reserved 1179648K
  class space    used 8647K, committed 9408K, reserved 1048576K
}
Event: 1177.235 GC heap after
{Heap after GC invocations=2994 (full 5):
 PSYoungGen      total 6656K, used 1072K [0x00000000d5580000, 0x00000000d5f80000, 0x0000000100000000)
  eden space 4608K, 0% used [0x00000000d5580000,0x00000000d5580000,0x00000000d5a00000)
  from space 2048K, 52% used [0x00000000d5b80000,0x00000000d5c8c010,0x00000000d5d80000)
  to   space 1536K, 0% used [0x00000000d5e00000,0x00000000d5e00000,0x00000000d5f80000)
 ParOldGen       total 1057280K, used 1057191K [0x0000000080000000, 0x00000000c0880000, 0x00000000d5580000)
  object space 1057280K, 99% used [0x0000000080000000,0x00000000c0869ea0,0x00000000c0880000)
 Metaspace       used 87538K, committed 89152K, reserved 1179648K
  class space    used 8647K, committed 9408K, reserved 1048576K
}
Event: 1177.637 GC heap before
{Heap before GC invocations=2995 (full 5):
 PSYoungGen      total 6656K, used 5680K [0x00000000d5580000, 0x00000000d5f80000, 0x0000000100000000)
  eden space 4608K, 100% used [0x00000000d5580000,0x00000000d5a00000,0x00000000d5a00000)
  from space 2048K, 52% used [0x00000000d5b80000,0x00000000d5c8c010,0x00000000d5d80000)
  to   space 1536K, 0% used [0x00000000d5e00000,0x00000000d5e00000,0x00000000d5f80000)
 ParOldGen       total 1057280K, used 1057191K [0x0000000080000000, 0x00000000c0880000, 0x00000000d5580000)
  object space 1057280K, 99% used [0x0000000080000000,0x00000000c0869ea0,0x00000000c0880000)
 Metaspace       used 87538K, committed 89152K, reserved 1179648K
  class space    used 8647K, committed 9408K, reserved 1048576K
}
Event: 1177.644 GC heap after
{Heap after GC invocations=2995 (full 5):
 PSYoungGen      total 5120K, used 464K [0x00000000d5580000, 0x00000000d5e80000, 0x0000000100000000)
  eden space 4608K, 0% used [0x00000000d5580000,0x00000000d5580000,0x00000000d5a00000)
  from space 512K, 90% used [0x00000000d5e00000,0x00000000d5e74010,0x00000000d5e80000)
  to   space 1024K, 0% used [0x00000000d5c80000,0x00000000d5c80000,0x00000000d5d80000)
 ParOldGen       total 1058304K, used 1058118K [0x0000000080000000, 0x00000000c0980000, 0x00000000d5580000)
  object space 1058304K, 99% used [0x0000000080000000,0x00000000c0951858,0x00000000c0980000)
 Metaspace       used 87538K, committed 89152K, reserved 1179648K
  class space    used 8647K, committed 9408K, reserved 1048576K
}

