# JRE version: OpenJDK Runtime Environment Temurin-21.0.8+9 (21.0.8+9) (build 21.0.8+9-LTS)
# Java VM: OpenJDK 64-Bit Server VM Temurin-21.0.8+9 (21.0.8+9-LTS, mixed mode, sharing, tiered, compressed oops, compressed class ptrs, parallel gc, windows-amd64)
GC Precious Log:
 CardTable entry size: 512
 CPUs: 20 total, 20 available
 Memory: 7709M
 Large Page Support: Disabled
 NUMA Support: Disabled
 Compressed Oops: Enabled (32-bit)
 Alignments: Space 512K, Generation 512K, Heap 2M
 Heap Min Capacity: 100M
 Heap Initial Capacity: 100M
 Heap Max Capacity: 2G
 Pre-touch: Disabled
 Parallel Workers: 15
Heap:
 PSYoungGen      total 10240K, used 10225K [0x00000000d5580000, 0x00000000d6900000, 0x0000000100000000)
  eden space 6656K, 99% used [0x00000000d5580000,0x00000000d5bffff8,0x00000000d5c00000)
  from space 3584K, 99% used [0x00000000d6180000,0x00000000d64fc770,0x00000000d6500000)
  to   space 5632K, 0% used [0x00000000d5c00000,0x00000000d5c00000,0x00000000d6180000)
 ParOldGen       total 1108480K, used 1108014K [0x0000000080000000, 0x00000000c3a80000, 0x00000000d5580000)
  object space 1108480K, 99% used [0x0000000080000000,0x00000000c3a0bb10,0x00000000c3a80000)
 Metaspace       used 82269K, committed 83776K, reserved 1179648K
  class space    used 8094K, committed 8768K, reserved 1048576K
GC Heap History (20 events):
Event: 1023.716 GC heap before
{Heap before GC invocations=2940 (full 5):
 PSYoungGen      total 6656K, used 6406K [0x00000000d5580000, 0x00000000d5f80000, 0x0000000100000000)
  eden space 5632K, 100% used [0x00000000d5580000,0x00000000d5b00000,0x00000000d5b00000)
  from space 1024K, 75% used [0x00000000d5e80000,0x00000000d5f41950,0x00000000d5f80000)
  to   space 1536K, 0% used [0x00000000d5c80000,0x00000000d5c80000,0x00000000d5e00000)
 ParOldGen       total 1089024K, used 1088717K [0x0000000080000000, 0x00000000c2780000, 0x00000000d5580000)
  object space 1089024K, 99% used [0x0000000080000000,0x00000000c2733440,0x00000000c2780000)
 Metaspace       used 82206K, committed 83712K, reserved 1179648K
  class space    used 8087K, committed 8768K, reserved 1048576K
}
Event: 1023.722 GC heap after
{Heap after GC invocations=2940 (full 5):
 PSYoungGen      total 7168K, used 1536K [0x00000000d5580000, 0x00000000d6600000, 0x0000000100000000)
  eden space 5632K, 0% used [0x00000000d5580000,0x00000000d5580000,0x00000000d5b00000)
  from space 1536K, 100% used [0x00000000d5c80000,0x00000000d5e00000,0x00000000d5e00000)
  to   space 5632K, 0% used [0x00000000d6080000,0x00000000d6080000,0x00000000d6600000)
 ParOldGen       total 1092096K, used 1091995K [0x0000000080000000, 0x00000000c2a80000, 0x00000000d5580000)
  object space 1092096K, 99% used [0x0000000080000000,0x00000000c2a66d90,0x00000000c2a80000)
 Metaspace       used 82206K, committed 83712K, reserved 1179648K
  class space    used 8087K, committed 8768K, reserved 1048576K
}
Event: 1023.975 GC heap before
{Heap before GC invocations=2941 (full 5):
 PSYoungGen      total 7168K, used 7168K [0x00000000d5580000, 0x00000000d6600000, 0x0000000100000000)
  eden space 5632K, 100% used [0x00000000d5580000,0x00000000d5b00000,0x00000000d5b00000)
  from space 1536K, 100% used [0x00000000d5c80000,0x00000000d5e00000,0x00000000d5e00000)
  to   space 5632K, 0% used [0x00000000d6080000,0x00000000d6080000,0x00000000d6600000)
 ParOldGen       total 1092096K, used 1091995K [0x0000000080000000, 0x00000000c2a80000, 0x00000000d5580000)
  object space 1092096K, 99% used [0x0000000080000000,0x00000000c2a66d90,0x00000000c2a80000)
 Metaspace       used 82206K, committed 83712K, reserved 1179648K
  class space    used 8087K, committed 8768K, reserved 1048576K
}
Event: 1023.978 GC heap after
{Heap after GC invocations=2941 (full 5):
 PSYoungGen      total 7680K, used 1552K [0x00000000d5580000, 0x00000000d6280000, 0x0000000100000000)
  eden space 5632K, 0% used [0x00000000d5580000,0x00000000d5580000,0x00000000d5b00000)
  from space 2048K, 75% used [0x00000000d6080000,0x00000000d6204010,0x00000000d6280000)
  to   space 3072K, 0% used [0x00000000d5c80000,0x00000000d5c80000,0x00000000d5f80000)
 ParOldGen       total 1093632K, used 1093222K [0x0000000080000000, 0x00000000c2c00000, 0x00000000d5580000)
  object space 1093632K, 99% used [0x0000000080000000,0x00000000c2b99880,0x00000000c2c00000)
 Metaspace       used 82206K, committed 83712K, reserved 1179648K
  class space    used 8087K, committed 8768K, reserved 1048576K
}
Event: 1024.165 GC heap before
{Heap before GC invocations=2942 (full 5):
 PSYoungGen      total 7680K, used 7184K [0x00000000d5580000, 0x00000000d6280000, 0x0000000100000000)
  eden space 5632K, 100% used [0x00000000d5580000,0x00000000d5b00000,0x00000000d5b00000)
  from space 2048K, 75% used [0x00000000d6080000,0x00000000d6204010,0x00000000d6280000)
  to   space 3072K, 0% used [0x00000000d5c80000,0x00000000d5c80000,0x00000000d5f80000)
 ParOldGen       total 1093632K, used 1093222K [0x0000000080000000, 0x00000000c2c00000, 0x00000000d5580000)
  object space 1093632K, 99% used [0x0000000080000000,0x00000000c2b99880,0x00000000c2c00000)
 Metaspace       used 82206K, committed 83712K, reserved 1179648K
  class space    used 8087K, committed 8768K, reserved 1048576K
}
Event: 1024.172 GC heap after
{Heap after GC invocations=2942 (full 5):
 PSYoungGen      total 8704K, used 384K [0x00000000d5580000, 0x00000000d6100000, 0x0000000100000000)
  eden space 5632K, 0% used [0x00000000d5580000,0x00000000d5580000,0x00000000d5b00000)
  from space 3072K, 12% used [0x00000000d5c80000,0x00000000d5ce0000,0x00000000d5f80000)
  to   space 1024K, 0% used [0x00000000d6000000,0x00000000d6000000,0x00000000d6100000)
 ParOldGen       total 1094144K, used 1094136K [0x0000000080000000, 0x00000000c2c80000, 0x00000000d5580000)
  object space 1094144K, 99% used [0x0000000080000000,0x00000000c2c7e1e0,0x00000000c2c80000)
 Metaspace       used 82206K, committed 83712K, reserved 1179648K
  class space    used 8087K, committed 8768K, reserved 1048576K
}
Event: 1024.224 GC heap before
{Heap before GC invocations=2943 (full 5):
 PSYoungGen      total 8704K, used 6016K [0x00000000d5580000, 0x00000000d6100000, 0x0000000100000000)
  eden space 5632K, 100% used [0x00000000d5580000,0x00000000d5b00000,0x00000000d5b00000)
  from space 3072K, 12% used [0x00000000d5c80000,0x00000000d5ce0000,0x00000000d5f80000)
  to   space 1024K, 0% used [0x00000000d6000000,0x00000000d6000000,0x00000000d6100000)
 ParOldGen       total 1094144K, used 1094136K [0x0000000080000000, 0x00000000c2c80000, 0x00000000d5580000)
  object space 1094144K, 99% used [0x0000000080000000,0x00000000c2c7e1e0,0x00000000c2c80000)
 Metaspace       used 82206K, committed 83712K, reserved 1179648K
  class space    used 8087K, committed 8768K, reserved 1048576K
}
Event: 1025.236 GC heap after
{Heap after GC invocations=2943 (full 5):
 PSYoungGen      total 8192K, used 688K [0x00000000d5580000, 0x00000000d6100000, 0x0000000100000000)
  eden space 7168K, 0% used [0x00000000d5580000,0x00000000d5580000,0x00000000d5c80000)
  from space 1024K, 67% used [0x00000000d6000000,0x00000000d60ac010,0x00000000d6100000)
  to   space 1024K, 0% used [0x00000000d5f00000,0x00000000d5f00000,0x00000000d6000000)
 ParOldGen       total 1094656K, used 1094317K [0x0000000080000000, 0x00000000c2d00000, 0x00000000d5580000)
  object space 1094656K, 99% used [0x0000000080000000,0x00000000c2cab690,0x00000000c2d00000)
 Metaspace       used 82206K, committed 83712K, reserved 1179648K
  class space    used 8087K, committed 8768K, reserved 1048576K
}
Event: 1025.459 GC heap before
{Heap before GC invocations=2944 (full 5):
 PSYoungGen      total 8192K, used 7851K [0x00000000d5580000, 0x00000000d6100000, 0x0000000100000000)
  eden space 7168K, 99% used [0x00000000d5580000,0x00000000d5c7efb0,0x00000000d5c80000)
  from space 1024K, 67% used [0x00000000d6000000,0x00000000d60ac010,0x00000000d6100000)
  to   space 1024K, 0% used [0x00000000d5f00000,0x00000000d5f00000,0x00000000d6000000)
 ParOldGen       total 1094656K, used 1094317K [0x0000000080000000, 0x00000000c2d00000, 0x00000000d5580000)
  object space 1094656K, 99% used [0x0000000080000000,0x00000000c2cab690,0x00000000c2d00000)
 Metaspace       used 82206K, committed 83712K, reserved 1179648K
  class space    used 8087K, committed 8768K, reserved 1048576K
}
Event: 1025.462 GC heap after
{Heap after GC invocations=2944 (full 5):
 PSYoungGen      total 9728K, used 992K [0x00000000d5580000, 0x00000000d6100000, 0x0000000100000000)
  eden space 8704K, 0% used [0x00000000d5580000,0x00000000d5580000,0x00000000d5e00000)
  from space 1024K, 96% used [0x00000000d5f00000,0x00000000d5ff8000,0x00000000d6000000)
  to   space 1024K, 0% used [0x00000000d6000000,0x00000000d6000000,0x00000000d6100000)
 ParOldGen       total 1094656K, used 1094349K [0x0000000080000000, 0x00000000c2d00000, 0x00000000d5580000)
  object space 1094656K, 99% used [0x0000000080000000,0x00000000c2cb3690,0x00000000c2d00000)
 Metaspace       used 82206K, committed 83712K, reserved 1179648K
  class space    used 8087K, committed 8768K, reserved 1048576K
}
Event: 1026.446 GC heap before
{Heap before GC invocations=2945 (full 5):
 PSYoungGen      total 9728K, used 9696K [0x00000000d5580000, 0x00000000d6100000, 0x0000000100000000)
  eden space 8704K, 100% used [0x00000000d5580000,0x00000000d5e00000,0x00000000d5e00000)
  from space 1024K, 96% used [0x00000000d5f00000,0x00000000d5ff8000,0x00000000d6000000)
  to   space 1024K, 0% used [0x00000000d6000000,0x00000000d6000000,0x00000000d6100000)
 ParOldGen       total 1094656K, used 1094349K [0x0000000080000000, 0x00000000c2d00000, 0x00000000d5580000)
  object space 1094656K, 99% used [0x0000000080000000,0x00000000c2cb3690,0x00000000c2d00000)
 Metaspace       used 82220K, committed 83776K, reserved 1179648K
  class space    used 8088K, committed 8768K, reserved 1048576K
}
Event: 1026.451 GC heap after
{Heap after GC invocations=2945 (full 5):
 PSYoungGen      total 9216K, used 496K [0x00000000d5580000, 0x00000000d6080000, 0x0000000100000000)
  eden space 8704K, 0% used [0x00000000d5580000,0x00000000d5580000,0x00000000d5e00000)
  from space 512K, 96% used [0x00000000d6000000,0x00000000d607c010,0x00000000d6080000)
  to   space 1024K, 0% used [0x00000000d5e80000,0x00000000d5e80000,0x00000000d5f80000)
 ParOldGen       total 1094656K, used 1094461K [0x0000000080000000, 0x00000000c2d00000, 0x00000000d5580000)
  object space 1094656K, 99% used [0x0000000080000000,0x00000000c2ccf690,0x00000000c2d00000)
 Metaspace       used 82220K, committed 83776K, reserved 1179648K
  class space    used 8088K, committed 8768K, reserved 1048576K
}
Event: 1026.472 GC heap before
{Heap before GC invocations=2946 (full 5):
 PSYoungGen      total 9216K, used 9200K [0x00000000d5580000, 0x00000000d6080000, 0x0000000100000000)
  eden space 8704K, 100% used [0x00000000d5580000,0x00000000d5e00000,0x00000000d5e00000)
  from space 512K, 96% used [0x00000000d6000000,0x00000000d607c010,0x00000000d6080000)
  to   space 1024K, 0% used [0x00000000d5e80000,0x00000000d5e80000,0x00000000d5f80000)
 ParOldGen       total 1094656K, used 1094461K [0x0000000080000000, 0x00000000c2d00000, 0x00000000d5580000)
  object space 1094656K, 99% used [0x0000000080000000,0x00000000c2ccf690,0x00000000c2d00000)
 Metaspace       used 82220K, committed 83776K, reserved 1179648K
  class space    used 8088K, committed 8768K, reserved 1048576K
}
Event: 1028.491 GC heap after
{Heap after GC invocations=2946 (full 5):
 PSYoungGen      total 9728K, used 1012K [0x00000000d5580000, 0x00000000d6080000, 0x0000000100000000)
  eden space 8704K, 0% used [0x00000000d5580000,0x00000000d5580000,0x00000000d5e00000)
  from space 1024K, 98% used [0x00000000d5e80000,0x00000000d5f7d340,0x00000000d5f80000)
  to   space 512K, 0% used [0x00000000d6000000,0x00000000d6000000,0x00000000d6080000)
 ParOldGen       total 1099776K, used 1099497K [0x0000000080000000, 0x00000000c3200000, 0x00000000d5580000)
  object space 1099776K, 99% used [0x0000000080000000,0x00000000c31ba5e0,0x00000000c3200000)
 Metaspace       used 82220K, committed 83776K, reserved 1179648K
  class space    used 8088K, committed 8768K, reserved 1048576K
}
Event: 1028.561 GC heap before
{Heap before GC invocations=2947 (full 5):
 PSYoungGen      total 9728K, used 9716K [0x00000000d5580000, 0x00000000d6080000, 0x0000000100000000)
  eden space 8704K, 100% used [0x00000000d5580000,0x00000000d5e00000,0x00000000d5e00000)
  from space 1024K, 98% used [0x00000000d5e80000,0x00000000d5f7d340,0x00000000d5f80000)
  to   space 512K, 0% used [0x00000000d6000000,0x00000000d6000000,0x00000000d6080000)
 ParOldGen       total 1099776K, used 1099497K [0x0000000080000000, 0x00000000c3200000, 0x00000000d5580000)
  object space 1099776K, 99% used [0x0000000080000000,0x00000000c31ba5e0,0x00000000c3200000)
 Metaspace       used 82220K, committed 83776K, reserved 1179648K
  class space    used 8088K, committed 8768K, reserved 1048576K
}
Event: 1031.577 GC heap after
{Heap after GC invocations=2947 (full 5):
 PSYoungGen      total 9216K, used 512K [0x00000000d5580000, 0x00000000d6080000, 0x0000000100000000)
  eden space 8704K, 0% used [0x00000000d5580000,0x00000000d5580000,0x00000000d5e00000)
  from space 512K, 100% used [0x00000000d6000000,0x00000000d6080000,0x00000000d6080000)
  to   space 1024K, 0% used [0x00000000d5e80000,0x00000000d5e80000,0x00000000d5f80000)
 ParOldGen       total 1106432K, used 1106224K [0x0000000080000000, 0x00000000c3880000, 0x00000000d5580000)
  object space 1106432K, 99% used [0x0000000080000000,0x00000000c384c2e0,0x00000000c3880000)
 Metaspace       used 82220K, committed 83776K, reserved 1179648K
  class space    used 8088K, committed 8768K, reserved 1048576K
}
Event: 1031.654 GC heap before
{Heap before GC invocations=2948 (full 5):
 PSYoungGen      total 9216K, used 9216K [0x00000000d5580000, 0x00000000d6080000, 0x0000000100000000)
  eden space 8704K, 100% used [0x00000000d5580000,0x00000000d5e00000,0x00000000d5e00000)
  from space 512K, 100% used [0x00000000d6000000,0x00000000d6080000,0x00000000d6080000)
  to   space 1024K, 0% used [0x00000000d5e80000,0x00000000d5e80000,0x00000000d5f80000)
 ParOldGen       total 1106432K, used 1106224K [0x0000000080000000, 0x00000000c3880000, 0x00000000d5580000)
  object space 1106432K, 99% used [0x0000000080000000,0x00000000c384c2e0,0x00000000c3880000)
 Metaspace       used 82233K, committed 83776K, reserved 1179648K
  class space    used 8091K, committed 8768K, reserved 1048576K
}
Event: 1031.658 GC heap after
{Heap after GC invocations=2948 (full 5):
 PSYoungGen      total 9728K, used 672K [0x00000000d5580000, 0x00000000d6500000, 0x0000000100000000)
  eden space 8704K, 0% used [0x00000000d5580000,0x00000000d5580000,0x00000000d5e00000)
  from space 1024K, 65% used [0x00000000d5e80000,0x00000000d5f28000,0x00000000d5f80000)
  to   space 3584K, 0% used [0x00000000d6180000,0x00000000d6180000,0x00000000d6500000)
 ParOldGen       total 1106944K, used 1106795K [0x0000000080000000, 0x00000000c3900000, 0x00000000d5580000)
  object space 1106944K, 99% used [0x0000000080000000,0x00000000c38dac40,0x00000000c3900000)
 Metaspace       used 82233K, committed 83776K, reserved 1179648K
  class space    used 8091K, committed 8768K, reserved 1048576K
}
Event: 1031.681 GC heap before
{Heap before GC invocations=2949 (full 5):
 PSYoungGen      total 9728K, used 9376K [0x00000000d5580000, 0x00000000d6500000, 0x0000000100000000)
  eden space 8704K, 100% used [0x00000000d5580000,0x00000000d5e00000,0x00000000d5e00000)
  from space 1024K, 65% used [0x00000000d5e80000,0x00000000d5f28000,0x00000000d5f80000)
  to   space 3584K, 0% used [0x00000000d6180000,0x00000000d6180000,0x00000000d6500000)
 ParOldGen       total 1106944K, used 1106795K [0x0000000080000000, 0x00000000c3900000, 0x00000000d5580000)
  object space 1106944K, 99% used [0x0000000080000000,0x00000000c38dac40,0x00000000c3900000)
 Metaspace       used 82236K, committed 83776K, reserved 1179648K
  class space    used 8092K, committed 8768K, reserved 1048576K
}
Event: 1031.686 GC heap after
{Heap after GC invocations=2949 (full 5):
 PSYoungGen      total 10240K, used 3569K [0x00000000d5580000, 0x00000000d6900000, 0x0000000100000000)
  eden space 6656K, 0% used [0x00000000d5580000,0x00000000d5580000,0x00000000d5c00000)
  from space 3584K, 99% used [0x00000000d6180000,0x00000000d64fc770,0x00000000d6500000)
  to   space 5632K, 0% used [0x00000000d5c00000,0x00000000d5c00000,0x00000000d6180000)
 ParOldGen       total 1108480K, used 1108014K [0x0000000080000000, 0x00000000c3a80000, 0x00000000d5580000)
  object space 1108480K, 99% used [0x0000000080000000,0x00000000c3a0bb10,0x00000000c3a80000)
 Metaspace       used 82236K, committed 83776K, reserved 1179648K
  class space    used 8092K, committed 8768K, reserved 1048576K
}

